  [1m[35m (0.2ms)[0m  [1m[34mSELECT sqlite_version(*)[0m
  ↳ /Users/harshmpandya/.rvm/rubies/ruby-2.6.2/lib/ruby/gems/2.6.0/gems/rake-12.3.2/lib/rake/task.rb:273
  [1m[35m (1.7ms)[0m  [1m[35mCREATE TABLE "schema_migrations" ("version" varchar NOT NULL PRIMARY KEY)[0m
  ↳ /Users/harshmpandya/.rvm/rubies/ruby-2.6.2/lib/ruby/gems/2.6.0/gems/rake-12.3.2/lib/rake/task.rb:273
  [1m[35m (1.4ms)[0m  [1m[35mCREATE TABLE "ar_internal_metadata" ("key" varchar NOT NULL PRIMARY KEY, "value" varchar, "created_at" datetime NOT NULL, "updated_at" datetime NOT NULL)[0m
  ↳ /Users/harshmpandya/.rvm/rubies/ruby-2.6.2/lib/ruby/gems/2.6.0/gems/rake-12.3.2/lib/rake/task.rb:273
  [1m[35m (0.3ms)[0m  [1m[34mSELECT "schema_migrations"."version" FROM "schema_migrations" ORDER BY "schema_migrations"."version" ASC[0m
  ↳ /Users/harshmpandya/.rvm/rubies/ruby-2.6.2/lib/ruby/gems/2.6.0/gems/rake-12.3.2/lib/rake/task.rb:273
  [1m[36mMountain Load (0.6ms)[0m  [1m[34mSELECT "mountains".* FROM "mountains"[0m
  ↳ db/seeds.rb:1
  [1m[35m (0.1ms)[0m  [1m[36mbegin transaction[0m
  ↳ db/seeds.rb:3
  [1m[36mMountain Create (0.6ms)[0m  [1m[32mINSERT INTO "mountains" ("name", "height", "location") VALUES (?, ?, ?)[0m  [["name", "Mount Everest"], ["height", 8848.0], ["location", "Nepal"]]
  ↳ db/seeds.rb:3
  [1m[35m (0.9ms)[0m  [1m[36mcommit transaction[0m
  ↳ db/seeds.rb:3
  [1m[35m (0.1ms)[0m  [1m[36mbegin transaction[0m
  ↳ db/seeds.rb:4
  [1m[36mMountain Create (0.5ms)[0m  [1m[32mINSERT INTO "mountains" ("name", "height", "location") VALUES (?, ?, ?)[0m  [["name", "Mount Kanchenjunga"], ["height", 8586.0], ["location", "India"]]
  ↳ db/seeds.rb:4
  [1m[35m (1.0ms)[0m  [1m[36mcommit transaction[0m
  ↳ db/seeds.rb:4
  [1m[35m (0.1ms)[0m  [1m[36mbegin transaction[0m
  ↳ db/seeds.rb:5
  [1m[36mMountain Create (0.5ms)[0m  [1m[32mINSERT INTO "mountains" ("name", "height", "location") VALUES (?, ?, ?)[0m  [["name", "Mount Lhotse"], ["height", 8511.0], ["location", "Nepal"]]
  ↳ db/seeds.rb:5
  [1m[35m (1.0ms)[0m  [1m[36mcommit transaction[0m
  ↳ db/seeds.rb:5
  [1m[35m (0.1ms)[0m  [1m[36mbegin transaction[0m
  ↳ db/seeds.rb:6
  [1m[36mMountain Create (0.4ms)[0m  [1m[32mINSERT INTO "mountains" ("name", "height", "location") VALUES (?, ?, ?)[0m  [["name", "Mount Annapurna"], ["height", 8091.0], ["location", "Nepal"]]
  ↳ db/seeds.rb:6
  [1m[35m (1.0ms)[0m  [1m[36mcommit transaction[0m
  ↳ db/seeds.rb:6
  [1m[35m (0.1ms)[0m  [1m[36mbegin transaction[0m
  ↳ db/seeds.rb:7
  [1m[36mMountain Create (0.5ms)[0m  [1m[32mINSERT INTO "mountains" ("name", "height", "location") VALUES (?, ?, ?)[0m  [["name", "Mount Dhaulagiri"], ["height", 8167.0], ["location", "Nepal"]]
  ↳ db/seeds.rb:7
  [1m[35m (1.0ms)[0m  [1m[36mcommit transaction[0m
  ↳ db/seeds.rb:7
Started GET "/" for ::1 at 2019-04-17 05:17:37 +1000
  
LoadError (Unable to autoload constant MountainsController, expected /Users/harshmpandya/Projects/sei31-homework/purvi_pandya/week5/geography/app/controllers/mountains_controller.rb to define it):
  
activesupport (5.2.3) lib/active_support/dependencies.rb:511:in `load_missing_constant'
bootsnap (1.4.3) lib/bootsnap/load_path_cache/core_ext/active_support.rb:60:in `block in load_missing_constant'
bootsnap (1.4.3) lib/bootsnap/load_path_cache/core_ext/active_support.rb:16:in `allow_bootsnap_retry'
bootsnap (1.4.3) lib/bootsnap/load_path_cache/core_ext/active_support.rb:59:in `load_missing_constant'
activesupport (5.2.3) lib/active_support/dependencies.rb:195:in `const_missing'
activesupport (5.2.3) lib/active_support/inflector/methods.rb:283:in `const_get'
activesupport (5.2.3) lib/active_support/inflector/methods.rb:283:in `block in constantize'
activesupport (5.2.3) lib/active_support/inflector/methods.rb:281:in `each'
activesupport (5.2.3) lib/active_support/inflector/methods.rb:281:in `inject'
activesupport (5.2.3) lib/active_support/inflector/methods.rb:281:in `constantize'
activesupport (5.2.3) lib/active_support/dependencies.rb:582:in `get'
activesupport (5.2.3) lib/active_support/dependencies.rb:613:in `constantize'
actionpack (5.2.3) lib/action_dispatch/http/request.rb:88:in `controller_class_for'
actionpack (5.2.3) lib/action_dispatch/http/parameters.rb:101:in `binary_params_for?'
actionpack (5.2.3) lib/action_dispatch/http/parameters.rb:92:in `set_binary_encoding'
actionpack (5.2.3) lib/action_dispatch/http/parameters.rb:69:in `path_parameters='
actionpack (5.2.3) lib/action_dispatch/journey/router.rb:50:in `block in serve'
actionpack (5.2.3) lib/action_dispatch/journey/router.rb:35:in `each'
actionpack (5.2.3) lib/action_dispatch/journey/router.rb:35:in `serve'
actionpack (5.2.3) lib/action_dispatch/routing/route_set.rb:840:in `call'
rack (2.0.7) lib/rack/tempfile_reaper.rb:15:in `call'
rack (2.0.7) lib/rack/etag.rb:25:in `call'
rack (2.0.7) lib/rack/conditional_get.rb:25:in `call'
rack (2.0.7) lib/rack/head.rb:12:in `call'
actionpack (5.2.3) lib/action_dispatch/http/content_security_policy.rb:18:in `call'
rack (2.0.7) lib/rack/session/abstract/id.rb:232:in `context'
rack (2.0.7) lib/rack/session/abstract/id.rb:226:in `call'
actionpack (5.2.3) lib/action_dispatch/middleware/cookies.rb:670:in `call'
activerecord (5.2.3) lib/active_record/migration.rb:559:in `call'
actionpack (5.2.3) lib/action_dispatch/middleware/callbacks.rb:28:in `block in call'
activesupport (5.2.3) lib/active_support/callbacks.rb:98:in `run_callbacks'
actionpack (5.2.3) lib/action_dispatch/middleware/callbacks.rb:26:in `call'
actionpack (5.2.3) lib/action_dispatch/middleware/executor.rb:14:in `call'
actionpack (5.2.3) lib/action_dispatch/middleware/debug_exceptions.rb:61:in `call'
web-console (3.7.0) lib/web_console/middleware.rb:135:in `call_app'
web-console (3.7.0) lib/web_console/middleware.rb:30:in `block in call'
web-console (3.7.0) lib/web_console/middleware.rb:20:in `catch'
web-console (3.7.0) lib/web_console/middleware.rb:20:in `call'
actionpack (5.2.3) lib/action_dispatch/middleware/show_exceptions.rb:33:in `call'
railties (5.2.3) lib/rails/rack/logger.rb:38:in `call_app'
railties (5.2.3) lib/rails/rack/logger.rb:26:in `block in call'
activesupport (5.2.3) lib/active_support/tagged_logging.rb:71:in `block in tagged'
activesupport (5.2.3) lib/active_support/tagged_logging.rb:28:in `tagged'
activesupport (5.2.3) lib/active_support/tagged_logging.rb:71:in `tagged'
railties (5.2.3) lib/rails/rack/logger.rb:26:in `call'
sprockets-rails (3.2.1) lib/sprockets/rails/quiet_assets.rb:13:in `call'
actionpack (5.2.3) lib/action_dispatch/middleware/remote_ip.rb:81:in `call'
actionpack (5.2.3) lib/action_dispatch/middleware/request_id.rb:27:in `call'
rack (2.0.7) lib/rack/method_override.rb:22:in `call'
rack (2.0.7) lib/rack/runtime.rb:22:in `call'
activesupport (5.2.3) lib/active_support/cache/strategy/local_cache_middleware.rb:29:in `call'
actionpack (5.2.3) lib/action_dispatch/middleware/executor.rb:14:in `call'
actionpack (5.2.3) lib/action_dispatch/middleware/static.rb:127:in `call'
rack (2.0.7) lib/rack/sendfile.rb:111:in `call'
railties (5.2.3) lib/rails/engine.rb:524:in `call'
puma (3.12.1) lib/puma/configuration.rb:227:in `call'
puma (3.12.1) lib/puma/server.rb:660:in `handle_request'
puma (3.12.1) lib/puma/server.rb:474:in `process_client'
puma (3.12.1) lib/puma/server.rb:334:in `block in run'
puma (3.12.1) lib/puma/thread_pool.rb:135:in `block in spawn_thread'
Started GET "/" for ::1 at 2019-04-17 05:18:45 +1000
  
LoadError (Unable to autoload constant MountainsController, expected /Users/harshmpandya/Projects/sei31-homework/purvi_pandya/week5/geography/app/controllers/mountains_controller.rb to define it):
  
activesupport (5.2.3) lib/active_support/dependencies.rb:511:in `load_missing_constant'
bootsnap (1.4.3) lib/bootsnap/load_path_cache/core_ext/active_support.rb:60:in `block in load_missing_constant'
bootsnap (1.4.3) lib/bootsnap/load_path_cache/core_ext/active_support.rb:16:in `allow_bootsnap_retry'
bootsnap (1.4.3) lib/bootsnap/load_path_cache/core_ext/active_support.rb:59:in `load_missing_constant'
activesupport (5.2.3) lib/active_support/dependencies.rb:195:in `const_missing'
activesupport (5.2.3) lib/active_support/inflector/methods.rb:283:in `const_get'
activesupport (5.2.3) lib/active_support/inflector/methods.rb:283:in `block in constantize'
activesupport (5.2.3) lib/active_support/inflector/methods.rb:281:in `each'
activesupport (5.2.3) lib/active_support/inflector/methods.rb:281:in `inject'
activesupport (5.2.3) lib/active_support/inflector/methods.rb:281:in `constantize'
activesupport (5.2.3) lib/active_support/dependencies.rb:582:in `get'
activesupport (5.2.3) lib/active_support/dependencies.rb:613:in `constantize'
actionpack (5.2.3) lib/action_dispatch/http/request.rb:88:in `controller_class_for'
actionpack (5.2.3) lib/action_dispatch/http/parameters.rb:101:in `binary_params_for?'
actionpack (5.2.3) lib/action_dispatch/http/parameters.rb:92:in `set_binary_encoding'
actionpack (5.2.3) lib/action_dispatch/http/parameters.rb:69:in `path_parameters='
actionpack (5.2.3) lib/action_dispatch/journey/router.rb:50:in `block in serve'
actionpack (5.2.3) lib/action_dispatch/journey/router.rb:35:in `each'
actionpack (5.2.3) lib/action_dispatch/journey/router.rb:35:in `serve'
actionpack (5.2.3) lib/action_dispatch/routing/route_set.rb:840:in `call'
rack (2.0.7) lib/rack/tempfile_reaper.rb:15:in `call'
rack (2.0.7) lib/rack/etag.rb:25:in `call'
rack (2.0.7) lib/rack/conditional_get.rb:25:in `call'
rack (2.0.7) lib/rack/head.rb:12:in `call'
actionpack (5.2.3) lib/action_dispatch/http/content_security_policy.rb:18:in `call'
rack (2.0.7) lib/rack/session/abstract/id.rb:232:in `context'
rack (2.0.7) lib/rack/session/abstract/id.rb:226:in `call'
actionpack (5.2.3) lib/action_dispatch/middleware/cookies.rb:670:in `call'
activerecord (5.2.3) lib/active_record/migration.rb:559:in `call'
actionpack (5.2.3) lib/action_dispatch/middleware/callbacks.rb:28:in `block in call'
activesupport (5.2.3) lib/active_support/callbacks.rb:98:in `run_callbacks'
actionpack (5.2.3) lib/action_dispatch/middleware/callbacks.rb:26:in `call'
actionpack (5.2.3) lib/action_dispatch/middleware/executor.rb:14:in `call'
actionpack (5.2.3) lib/action_dispatch/middleware/debug_exceptions.rb:61:in `call'
web-console (3.7.0) lib/web_console/middleware.rb:135:in `call_app'
web-console (3.7.0) lib/web_console/middleware.rb:30:in `block in call'
web-console (3.7.0) lib/web_console/middleware.rb:20:in `catch'
web-console (3.7.0) lib/web_console/middleware.rb:20:in `call'
actionpack (5.2.3) lib/action_dispatch/middleware/show_exceptions.rb:33:in `call'
railties (5.2.3) lib/rails/rack/logger.rb:38:in `call_app'
railties (5.2.3) lib/rails/rack/logger.rb:26:in `block in call'
activesupport (5.2.3) lib/active_support/tagged_logging.rb:71:in `block in tagged'
activesupport (5.2.3) lib/active_support/tagged_logging.rb:28:in `tagged'
activesupport (5.2.3) lib/active_support/tagged_logging.rb:71:in `tagged'
railties (5.2.3) lib/rails/rack/logger.rb:26:in `call'
sprockets-rails (3.2.1) lib/sprockets/rails/quiet_assets.rb:13:in `call'
actionpack (5.2.3) lib/action_dispatch/middleware/remote_ip.rb:81:in `call'
actionpack (5.2.3) lib/action_dispatch/middleware/request_id.rb:27:in `call'
rack (2.0.7) lib/rack/method_override.rb:22:in `call'
rack (2.0.7) lib/rack/runtime.rb:22:in `call'
activesupport (5.2.3) lib/active_support/cache/strategy/local_cache_middleware.rb:29:in `call'
actionpack (5.2.3) lib/action_dispatch/middleware/executor.rb:14:in `call'
actionpack (5.2.3) lib/action_dispatch/middleware/static.rb:127:in `call'
rack (2.0.7) lib/rack/sendfile.rb:111:in `call'
railties (5.2.3) lib/rails/engine.rb:524:in `call'
puma (3.12.1) lib/puma/configuration.rb:227:in `call'
puma (3.12.1) lib/puma/server.rb:660:in `handle_request'
puma (3.12.1) lib/puma/server.rb:474:in `process_client'
puma (3.12.1) lib/puma/server.rb:334:in `block in run'
puma (3.12.1) lib/puma/thread_pool.rb:135:in `block in spawn_thread'
Started GET "/" for ::1 at 2019-04-17 05:19:02 +1000
  
LoadError (Unable to autoload constant MountainsController, expected /Users/harshmpandya/Projects/sei31-homework/purvi_pandya/week5/geography/app/controllers/mountains_controller.rb to define it):
  
activesupport (5.2.3) lib/active_support/dependencies.rb:511:in `load_missing_constant'
bootsnap (1.4.3) lib/bootsnap/load_path_cache/core_ext/active_support.rb:60:in `block in load_missing_constant'
bootsnap (1.4.3) lib/bootsnap/load_path_cache/core_ext/active_support.rb:16:in `allow_bootsnap_retry'
bootsnap (1.4.3) lib/bootsnap/load_path_cache/core_ext/active_support.rb:59:in `load_missing_constant'
activesupport (5.2.3) lib/active_support/dependencies.rb:195:in `const_missing'
activesupport (5.2.3) lib/active_support/inflector/methods.rb:283:in `const_get'
activesupport (5.2.3) lib/active_support/inflector/methods.rb:283:in `block in constantize'
activesupport (5.2.3) lib/active_support/inflector/methods.rb:281:in `each'
activesupport (5.2.3) lib/active_support/inflector/methods.rb:281:in `inject'
activesupport (5.2.3) lib/active_support/inflector/methods.rb:281:in `constantize'
activesupport (5.2.3) lib/active_support/dependencies.rb:582:in `get'
activesupport (5.2.3) lib/active_support/dependencies.rb:613:in `constantize'
actionpack (5.2.3) lib/action_dispatch/http/request.rb:88:in `controller_class_for'
actionpack (5.2.3) lib/action_dispatch/http/parameters.rb:101:in `binary_params_for?'
actionpack (5.2.3) lib/action_dispatch/http/parameters.rb:92:in `set_binary_encoding'
actionpack (5.2.3) lib/action_dispatch/http/parameters.rb:69:in `path_parameters='
actionpack (5.2.3) lib/action_dispatch/journey/router.rb:50:in `block in serve'
actionpack (5.2.3) lib/action_dispatch/journey/router.rb:35:in `each'
actionpack (5.2.3) lib/action_dispatch/journey/router.rb:35:in `serve'
actionpack (5.2.3) lib/action_dispatch/routing/route_set.rb:840:in `call'
rack (2.0.7) lib/rack/tempfile_reaper.rb:15:in `call'
rack (2.0.7) lib/rack/etag.rb:25:in `call'
rack (2.0.7) lib/rack/conditional_get.rb:25:in `call'
rack (2.0.7) lib/rack/head.rb:12:in `call'
actionpack (5.2.3) lib/action_dispatch/http/content_security_policy.rb:18:in `call'
rack (2.0.7) lib/rack/session/abstract/id.rb:232:in `context'
rack (2.0.7) lib/rack/session/abstract/id.rb:226:in `call'
actionpack (5.2.3) lib/action_dispatch/middleware/cookies.rb:670:in `call'
activerecord (5.2.3) lib/active_record/migration.rb:559:in `call'
actionpack (5.2.3) lib/action_dispatch/middleware/callbacks.rb:28:in `block in call'
activesupport (5.2.3) lib/active_support/callbacks.rb:98:in `run_callbacks'
actionpack (5.2.3) lib/action_dispatch/middleware/callbacks.rb:26:in `call'
actionpack (5.2.3) lib/action_dispatch/middleware/executor.rb:14:in `call'
actionpack (5.2.3) lib/action_dispatch/middleware/debug_exceptions.rb:61:in `call'
web-console (3.7.0) lib/web_console/middleware.rb:135:in `call_app'
web-console (3.7.0) lib/web_console/middleware.rb:30:in `block in call'
web-console (3.7.0) lib/web_console/middleware.rb:20:in `catch'
web-console (3.7.0) lib/web_console/middleware.rb:20:in `call'
actionpack (5.2.3) lib/action_dispatch/middleware/show_exceptions.rb:33:in `call'
railties (5.2.3) lib/rails/rack/logger.rb:38:in `call_app'
railties (5.2.3) lib/rails/rack/logger.rb:26:in `block in call'
activesupport (5.2.3) lib/active_support/tagged_logging.rb:71:in `block in tagged'
activesupport (5.2.3) lib/active_support/tagged_logging.rb:28:in `tagged'
activesupport (5.2.3) lib/active_support/tagged_logging.rb:71:in `tagged'
railties (5.2.3) lib/rails/rack/logger.rb:26:in `call'
sprockets-rails (3.2.1) lib/sprockets/rails/quiet_assets.rb:13:in `call'
actionpack (5.2.3) lib/action_dispatch/middleware/remote_ip.rb:81:in `call'
actionpack (5.2.3) lib/action_dispatch/middleware/request_id.rb:27:in `call'
rack (2.0.7) lib/rack/method_override.rb:22:in `call'
rack (2.0.7) lib/rack/runtime.rb:22:in `call'
activesupport (5.2.3) lib/active_support/cache/strategy/local_cache_middleware.rb:29:in `call'
actionpack (5.2.3) lib/action_dispatch/middleware/executor.rb:14:in `call'
actionpack (5.2.3) lib/action_dispatch/middleware/static.rb:127:in `call'
rack (2.0.7) lib/rack/sendfile.rb:111:in `call'
railties (5.2.3) lib/rails/engine.rb:524:in `call'
puma (3.12.1) lib/puma/configuration.rb:227:in `call'
puma (3.12.1) lib/puma/server.rb:660:in `handle_request'
puma (3.12.1) lib/puma/server.rb:474:in `process_client'
puma (3.12.1) lib/puma/server.rb:334:in `block in run'
puma (3.12.1) lib/puma/thread_pool.rb:135:in `block in spawn_thread'
Started GET "/mountains" for ::1 at 2019-04-17 05:27:52 +1000
  
LoadError (Unable to autoload constant MountainsController, expected /Users/harshmpandya/Projects/sei31-homework/purvi_pandya/week5/geography/app/controllers/mountains_controller.rb to define it):
  
activesupport (5.2.3) lib/active_support/dependencies.rb:511:in `load_missing_constant'
bootsnap (1.4.3) lib/bootsnap/load_path_cache/core_ext/active_support.rb:60:in `block in load_missing_constant'
bootsnap (1.4.3) lib/bootsnap/load_path_cache/core_ext/active_support.rb:16:in `allow_bootsnap_retry'
bootsnap (1.4.3) lib/bootsnap/load_path_cache/core_ext/active_support.rb:59:in `load_missing_constant'
activesupport (5.2.3) lib/active_support/dependencies.rb:195:in `const_missing'
activesupport (5.2.3) lib/active_support/inflector/methods.rb:283:in `const_get'
activesupport (5.2.3) lib/active_support/inflector/methods.rb:283:in `block in constantize'
activesupport (5.2.3) lib/active_support/inflector/methods.rb:281:in `each'
activesupport (5.2.3) lib/active_support/inflector/methods.rb:281:in `inject'
activesupport (5.2.3) lib/active_support/inflector/methods.rb:281:in `constantize'
activesupport (5.2.3) lib/active_support/dependencies.rb:582:in `get'
activesupport (5.2.3) lib/active_support/dependencies.rb:613:in `constantize'
actionpack (5.2.3) lib/action_dispatch/http/request.rb:88:in `controller_class_for'
actionpack (5.2.3) lib/action_dispatch/http/parameters.rb:101:in `binary_params_for?'
actionpack (5.2.3) lib/action_dispatch/http/parameters.rb:92:in `set_binary_encoding'
actionpack (5.2.3) lib/action_dispatch/http/parameters.rb:69:in `path_parameters='
actionpack (5.2.3) lib/action_dispatch/journey/router.rb:50:in `block in serve'
actionpack (5.2.3) lib/action_dispatch/journey/router.rb:35:in `each'
actionpack (5.2.3) lib/action_dispatch/journey/router.rb:35:in `serve'
actionpack (5.2.3) lib/action_dispatch/routing/route_set.rb:840:in `call'
rack (2.0.7) lib/rack/tempfile_reaper.rb:15:in `call'
rack (2.0.7) lib/rack/etag.rb:25:in `call'
rack (2.0.7) lib/rack/conditional_get.rb:25:in `call'
rack (2.0.7) lib/rack/head.rb:12:in `call'
actionpack (5.2.3) lib/action_dispatch/http/content_security_policy.rb:18:in `call'
rack (2.0.7) lib/rack/session/abstract/id.rb:232:in `context'
rack (2.0.7) lib/rack/session/abstract/id.rb:226:in `call'
actionpack (5.2.3) lib/action_dispatch/middleware/cookies.rb:670:in `call'
activerecord (5.2.3) lib/active_record/migration.rb:559:in `call'
actionpack (5.2.3) lib/action_dispatch/middleware/callbacks.rb:28:in `block in call'
activesupport (5.2.3) lib/active_support/callbacks.rb:98:in `run_callbacks'
actionpack (5.2.3) lib/action_dispatch/middleware/callbacks.rb:26:in `call'
actionpack (5.2.3) lib/action_dispatch/middleware/executor.rb:14:in `call'
actionpack (5.2.3) lib/action_dispatch/middleware/debug_exceptions.rb:61:in `call'
web-console (3.7.0) lib/web_console/middleware.rb:135:in `call_app'
web-console (3.7.0) lib/web_console/middleware.rb:30:in `block in call'
web-console (3.7.0) lib/web_console/middleware.rb:20:in `catch'
web-console (3.7.0) lib/web_console/middleware.rb:20:in `call'
actionpack (5.2.3) lib/action_dispatch/middleware/show_exceptions.rb:33:in `call'
railties (5.2.3) lib/rails/rack/logger.rb:38:in `call_app'
railties (5.2.3) lib/rails/rack/logger.rb:26:in `block in call'
activesupport (5.2.3) lib/active_support/tagged_logging.rb:71:in `block in tagged'
activesupport (5.2.3) lib/active_support/tagged_logging.rb:28:in `tagged'
activesupport (5.2.3) lib/active_support/tagged_logging.rb:71:in `tagged'
railties (5.2.3) lib/rails/rack/logger.rb:26:in `call'
sprockets-rails (3.2.1) lib/sprockets/rails/quiet_assets.rb:13:in `call'
actionpack (5.2.3) lib/action_dispatch/middleware/remote_ip.rb:81:in `call'
actionpack (5.2.3) lib/action_dispatch/middleware/request_id.rb:27:in `call'
rack (2.0.7) lib/rack/method_override.rb:22:in `call'
rack (2.0.7) lib/rack/runtime.rb:22:in `call'
activesupport (5.2.3) lib/active_support/cache/strategy/local_cache_middleware.rb:29:in `call'
actionpack (5.2.3) lib/action_dispatch/middleware/executor.rb:14:in `call'
actionpack (5.2.3) lib/action_dispatch/middleware/static.rb:127:in `call'
rack (2.0.7) lib/rack/sendfile.rb:111:in `call'
railties (5.2.3) lib/rails/engine.rb:524:in `call'
puma (3.12.1) lib/puma/configuration.rb:227:in `call'
puma (3.12.1) lib/puma/server.rb:660:in `handle_request'
puma (3.12.1) lib/puma/server.rb:474:in `process_client'
puma (3.12.1) lib/puma/server.rb:334:in `block in run'
puma (3.12.1) lib/puma/thread_pool.rb:135:in `block in spawn_thread'
Started GET "/mountains" for ::1 at 2019-04-17 05:57:08 +1000
  
LoadError (Unable to autoload constant MountainsController, expected /Users/harshmpandya/Projects/sei31-homework/purvi_pandya/week5/geography/app/controllers/mountains_controller.rb to define it):
  
activesupport (5.2.3) lib/active_support/dependencies.rb:511:in `load_missing_constant'
bootsnap (1.4.3) lib/bootsnap/load_path_cache/core_ext/active_support.rb:60:in `block in load_missing_constant'
bootsnap (1.4.3) lib/bootsnap/load_path_cache/core_ext/active_support.rb:16:in `allow_bootsnap_retry'
bootsnap (1.4.3) lib/bootsnap/load_path_cache/core_ext/active_support.rb:59:in `load_missing_constant'
activesupport (5.2.3) lib/active_support/dependencies.rb:195:in `const_missing'
activesupport (5.2.3) lib/active_support/inflector/methods.rb:283:in `const_get'
activesupport (5.2.3) lib/active_support/inflector/methods.rb:283:in `block in constantize'
activesupport (5.2.3) lib/active_support/inflector/methods.rb:281:in `each'
activesupport (5.2.3) lib/active_support/inflector/methods.rb:281:in `inject'
activesupport (5.2.3) lib/active_support/inflector/methods.rb:281:in `constantize'
activesupport (5.2.3) lib/active_support/dependencies.rb:582:in `get'
activesupport (5.2.3) lib/active_support/dependencies.rb:613:in `constantize'
actionpack (5.2.3) lib/action_dispatch/http/request.rb:88:in `controller_class_for'
actionpack (5.2.3) lib/action_dispatch/http/parameters.rb:101:in `binary_params_for?'
actionpack (5.2.3) lib/action_dispatch/http/parameters.rb:92:in `set_binary_encoding'
actionpack (5.2.3) lib/action_dispatch/http/parameters.rb:69:in `path_parameters='
actionpack (5.2.3) lib/action_dispatch/journey/router.rb:50:in `block in serve'
actionpack (5.2.3) lib/action_dispatch/journey/router.rb:35:in `each'
actionpack (5.2.3) lib/action_dispatch/journey/router.rb:35:in `serve'
actionpack (5.2.3) lib/action_dispatch/routing/route_set.rb:840:in `call'
rack (2.0.7) lib/rack/tempfile_reaper.rb:15:in `call'
rack (2.0.7) lib/rack/etag.rb:25:in `call'
rack (2.0.7) lib/rack/conditional_get.rb:25:in `call'
rack (2.0.7) lib/rack/head.rb:12:in `call'
actionpack (5.2.3) lib/action_dispatch/http/content_security_policy.rb:18:in `call'
rack (2.0.7) lib/rack/session/abstract/id.rb:232:in `context'
rack (2.0.7) lib/rack/session/abstract/id.rb:226:in `call'
actionpack (5.2.3) lib/action_dispatch/middleware/cookies.rb:670:in `call'
activerecord (5.2.3) lib/active_record/migration.rb:559:in `call'
actionpack (5.2.3) lib/action_dispatch/middleware/callbacks.rb:28:in `block in call'
activesupport (5.2.3) lib/active_support/callbacks.rb:98:in `run_callbacks'
actionpack (5.2.3) lib/action_dispatch/middleware/callbacks.rb:26:in `call'
actionpack (5.2.3) lib/action_dispatch/middleware/executor.rb:14:in `call'
actionpack (5.2.3) lib/action_dispatch/middleware/debug_exceptions.rb:61:in `call'
web-console (3.7.0) lib/web_console/middleware.rb:135:in `call_app'
web-console (3.7.0) lib/web_console/middleware.rb:30:in `block in call'
web-console (3.7.0) lib/web_console/middleware.rb:20:in `catch'
web-console (3.7.0) lib/web_console/middleware.rb:20:in `call'
actionpack (5.2.3) lib/action_dispatch/middleware/show_exceptions.rb:33:in `call'
railties (5.2.3) lib/rails/rack/logger.rb:38:in `call_app'
railties (5.2.3) lib/rails/rack/logger.rb:26:in `block in call'
activesupport (5.2.3) lib/active_support/tagged_logging.rb:71:in `block in tagged'
activesupport (5.2.3) lib/active_support/tagged_logging.rb:28:in `tagged'
activesupport (5.2.3) lib/active_support/tagged_logging.rb:71:in `tagged'
railties (5.2.3) lib/rails/rack/logger.rb:26:in `call'
sprockets-rails (3.2.1) lib/sprockets/rails/quiet_assets.rb:13:in `call'
actionpack (5.2.3) lib/action_dispatch/middleware/remote_ip.rb:81:in `call'
actionpack (5.2.3) lib/action_dispatch/middleware/request_id.rb:27:in `call'
rack (2.0.7) lib/rack/method_override.rb:22:in `call'
rack (2.0.7) lib/rack/runtime.rb:22:in `call'
activesupport (5.2.3) lib/active_support/cache/strategy/local_cache_middleware.rb:29:in `call'
actionpack (5.2.3) lib/action_dispatch/middleware/executor.rb:14:in `call'
actionpack (5.2.3) lib/action_dispatch/middleware/static.rb:127:in `call'
rack (2.0.7) lib/rack/sendfile.rb:111:in `call'
railties (5.2.3) lib/rails/engine.rb:524:in `call'
puma (3.12.1) lib/puma/configuration.rb:227:in `call'
puma (3.12.1) lib/puma/server.rb:660:in `handle_request'
puma (3.12.1) lib/puma/server.rb:474:in `process_client'
puma (3.12.1) lib/puma/server.rb:334:in `block in run'
puma (3.12.1) lib/puma/thread_pool.rb:135:in `block in spawn_thread'
Started GET "/" for ::1 at 2019-04-17 06:03:04 +1000
  
LoadError (Unable to autoload constant MountainsController, expected /Users/harshmpandya/Projects/sei31-homework/purvi_pandya/week5/geography/app/controllers/mountains_controller.rb to define it):
  
activesupport (5.2.3) lib/active_support/dependencies.rb:511:in `load_missing_constant'
bootsnap (1.4.3) lib/bootsnap/load_path_cache/core_ext/active_support.rb:60:in `block in load_missing_constant'
bootsnap (1.4.3) lib/bootsnap/load_path_cache/core_ext/active_support.rb:16:in `allow_bootsnap_retry'
bootsnap (1.4.3) lib/bootsnap/load_path_cache/core_ext/active_support.rb:59:in `load_missing_constant'
activesupport (5.2.3) lib/active_support/dependencies.rb:195:in `const_missing'
activesupport (5.2.3) lib/active_support/inflector/methods.rb:283:in `const_get'
activesupport (5.2.3) lib/active_support/inflector/methods.rb:283:in `block in constantize'
activesupport (5.2.3) lib/active_support/inflector/methods.rb:281:in `each'
activesupport (5.2.3) lib/active_support/inflector/methods.rb:281:in `inject'
activesupport (5.2.3) lib/active_support/inflector/methods.rb:281:in `constantize'
activesupport (5.2.3) lib/active_support/dependencies.rb:582:in `get'
activesupport (5.2.3) lib/active_support/dependencies.rb:613:in `constantize'
actionpack (5.2.3) lib/action_dispatch/http/request.rb:88:in `controller_class_for'
actionpack (5.2.3) lib/action_dispatch/http/parameters.rb:101:in `binary_params_for?'
actionpack (5.2.3) lib/action_dispatch/http/parameters.rb:92:in `set_binary_encoding'
actionpack (5.2.3) lib/action_dispatch/http/parameters.rb:69:in `path_parameters='
actionpack (5.2.3) lib/action_dispatch/journey/router.rb:50:in `block in serve'
actionpack (5.2.3) lib/action_dispatch/journey/router.rb:35:in `each'
actionpack (5.2.3) lib/action_dispatch/journey/router.rb:35:in `serve'
actionpack (5.2.3) lib/action_dispatch/routing/route_set.rb:840:in `call'
rack (2.0.7) lib/rack/tempfile_reaper.rb:15:in `call'
rack (2.0.7) lib/rack/etag.rb:25:in `call'
rack (2.0.7) lib/rack/conditional_get.rb:25:in `call'
rack (2.0.7) lib/rack/head.rb:12:in `call'
actionpack (5.2.3) lib/action_dispatch/http/content_security_policy.rb:18:in `call'
rack (2.0.7) lib/rack/session/abstract/id.rb:232:in `context'
rack (2.0.7) lib/rack/session/abstract/id.rb:226:in `call'
actionpack (5.2.3) lib/action_dispatch/middleware/cookies.rb:670:in `call'
activerecord (5.2.3) lib/active_record/migration.rb:559:in `call'
actionpack (5.2.3) lib/action_dispatch/middleware/callbacks.rb:28:in `block in call'
activesupport (5.2.3) lib/active_support/callbacks.rb:98:in `run_callbacks'
actionpack (5.2.3) lib/action_dispatch/middleware/callbacks.rb:26:in `call'
actionpack (5.2.3) lib/action_dispatch/middleware/executor.rb:14:in `call'
actionpack (5.2.3) lib/action_dispatch/middleware/debug_exceptions.rb:61:in `call'
web-console (3.7.0) lib/web_console/middleware.rb:135:in `call_app'
web-console (3.7.0) lib/web_console/middleware.rb:30:in `block in call'
web-console (3.7.0) lib/web_console/middleware.rb:20:in `catch'
web-console (3.7.0) lib/web_console/middleware.rb:20:in `call'
actionpack (5.2.3) lib/action_dispatch/middleware/show_exceptions.rb:33:in `call'
railties (5.2.3) lib/rails/rack/logger.rb:38:in `call_app'
railties (5.2.3) lib/rails/rack/logger.rb:26:in `block in call'
activesupport (5.2.3) lib/active_support/tagged_logging.rb:71:in `block in tagged'
activesupport (5.2.3) lib/active_support/tagged_logging.rb:28:in `tagged'
activesupport (5.2.3) lib/active_support/tagged_logging.rb:71:in `tagged'
railties (5.2.3) lib/rails/rack/logger.rb:26:in `call'
sprockets-rails (3.2.1) lib/sprockets/rails/quiet_assets.rb:13:in `call'
actionpack (5.2.3) lib/action_dispatch/middleware/remote_ip.rb:81:in `call'
actionpack (5.2.3) lib/action_dispatch/middleware/request_id.rb:27:in `call'
rack (2.0.7) lib/rack/method_override.rb:22:in `call'
rack (2.0.7) lib/rack/runtime.rb:22:in `call'
activesupport (5.2.3) lib/active_support/cache/strategy/local_cache_middleware.rb:29:in `call'
actionpack (5.2.3) lib/action_dispatch/middleware/executor.rb:14:in `call'
actionpack (5.2.3) lib/action_dispatch/middleware/static.rb:127:in `call'
rack (2.0.7) lib/rack/sendfile.rb:111:in `call'
railties (5.2.3) lib/rails/engine.rb:524:in `call'
puma (3.12.1) lib/puma/configuration.rb:227:in `call'
puma (3.12.1) lib/puma/server.rb:660:in `handle_request'
puma (3.12.1) lib/puma/server.rb:474:in `process_client'
puma (3.12.1) lib/puma/server.rb:334:in `block in run'
puma (3.12.1) lib/puma/thread_pool.rb:135:in `block in spawn_thread'
Started GET "/" for ::1 at 2019-04-17 06:05:30 +1000
Processing by MountainsController#index as HTML
  Rendering mountains/index.html.erb within layouts/application
  Rendered mountains/index.html.erb within layouts/application (1.5ms)
Completed 500 Internal Server Error in 116ms (ActiveRecord: 0.0ms)


  
SyntaxError (/Users/harshmpandya/Projects/sei31-homework/purvi_pandya/week5/geography/app/views/mountains/index.html.erb:5: syntax error, unexpected ')', expecting '.' or &. or :: or '['
... mountain.location,'location' );@output_buffer.safe_append='
...                              ^
/Users/harshmpandya/Projects/sei31-homework/purvi_pandya/week5/geography/app/views/mountains/index.html.erb:7: syntax error, unexpected end, expecting ')'
'.freeze; end 
          ^~~
/Users/harshmpandya/Projects/sei31-homework/purvi_pandya/week5/geography/app/views/mountains/index.html.erb:9: syntax error, unexpected ensure, expecting ')'
          ensure
          ^~~~~~
/Users/harshmpandya/Projects/sei31-homework/purvi_pandya/week5/geography/app/views/mountains/index.html.erb:11: syntax error, unexpected end, expecting ')'
          end
          ^~~):
  
app/views/mountains/index.html.erb:5: syntax error, unexpected ')', expecting '.' or &. or :: or '['
app/views/mountains/index.html.erb:7: syntax error, unexpected end, expecting ')'
app/views/mountains/index.html.erb:9: syntax error, unexpected ensure, expecting ')'
app/views/mountains/index.html.erb:11: syntax error, unexpected end, expecting ')'
app/controllers/mountains_controller.rb:4:in `index'
Started GET "/" for ::1 at 2019-04-17 06:07:51 +1000
Processing by MountainsController#index as HTML
  Rendering mountains/index.html.erb within layouts/application
  Rendered mountains/index.html.erb within layouts/application (6.2ms)
Completed 500 Internal Server Error in 24ms (ActiveRecord: 0.0ms)


  
SyntaxError (/Users/harshmpandya/Projects/sei31-homework/purvi_pandya/week5/geography/app/views/mountains/index.html.erb:5: syntax error, unexpected ')', expecting '.' or &. or :: or '['
... mountain.location,'location' );@output_buffer.safe_append='
...                              ^
/Users/harshmpandya/Projects/sei31-homework/purvi_pandya/week5/geography/app/views/mountains/index.html.erb:7: syntax error, unexpected end, expecting ')'
'.freeze; end 
          ^~~
/Users/harshmpandya/Projects/sei31-homework/purvi_pandya/week5/geography/app/views/mountains/index.html.erb:9: syntax error, unexpected ensure, expecting ')'
          ensure
          ^~~~~~
/Users/harshmpandya/Projects/sei31-homework/purvi_pandya/week5/geography/app/views/mountains/index.html.erb:11: syntax error, unexpected end, expecting ')'
          end
          ^~~):
  
app/views/mountains/index.html.erb:5: syntax error, unexpected ')', expecting '.' or &. or :: or '['
app/views/mountains/index.html.erb:7: syntax error, unexpected end, expecting ')'
app/views/mountains/index.html.erb:9: syntax error, unexpected ensure, expecting ')'
app/views/mountains/index.html.erb:11: syntax error, unexpected end, expecting ')'
app/controllers/mountains_controller.rb:4:in `index'
Started GET "/" for ::1 at 2019-04-17 06:12:31 +1000
Processing by MountainsController#index as HTML
  Rendering mountains/index.html.erb within layouts/application
  Rendered mountains/index.html.erb within layouts/application (21.3ms)
Completed 500 Internal Server Error in 55ms (ActiveRecord: 0.0ms)


  
SyntaxError (/Users/harshmpandya/Projects/sei31-homework/purvi_pandya/week5/geography/app/views/mountains/index.html.erb:5: syntax error, unexpected ')', expecting '.' or &. or :: or '['
...mountain.location, 'location' );@output_buffer.safe_append='
...                              ^
/Users/harshmpandya/Projects/sei31-homework/purvi_pandya/week5/geography/app/views/mountains/index.html.erb:7: syntax error, unexpected end, expecting ')'
'.freeze; end 
          ^~~
/Users/harshmpandya/Projects/sei31-homework/purvi_pandya/week5/geography/app/views/mountains/index.html.erb:9: syntax error, unexpected ensure, expecting ')'
          ensure
          ^~~~~~
/Users/harshmpandya/Projects/sei31-homework/purvi_pandya/week5/geography/app/views/mountains/index.html.erb:11: syntax error, unexpected end, expecting ')'
          end
          ^~~):
  
app/views/mountains/index.html.erb:5: syntax error, unexpected ')', expecting '.' or &. or :: or '['
app/views/mountains/index.html.erb:7: syntax error, unexpected end, expecting ')'
app/views/mountains/index.html.erb:9: syntax error, unexpected ensure, expecting ')'
app/views/mountains/index.html.erb:11: syntax error, unexpected end, expecting ')'
app/controllers/mountains_controller.rb:4:in `index'
Started GET "/mountains" for ::1 at 2019-04-17 06:12:53 +1000
Processing by MountainsController#index as HTML
  Rendering mountains/index.html.erb within layouts/application
  Rendered mountains/index.html.erb within layouts/application (0.8ms)
Completed 500 Internal Server Error in 6ms (ActiveRecord: 0.0ms)


  
SyntaxError (/Users/harshmpandya/Projects/sei31-homework/purvi_pandya/week5/geography/app/views/mountains/index.html.erb:5: syntax error, unexpected ')', expecting '.' or &. or :: or '['
...mountain.location, 'location' );@output_buffer.safe_append='
...                              ^
/Users/harshmpandya/Projects/sei31-homework/purvi_pandya/week5/geography/app/views/mountains/index.html.erb:7: syntax error, unexpected end, expecting ')'
'.freeze; end 
          ^~~
/Users/harshmpandya/Projects/sei31-homework/purvi_pandya/week5/geography/app/views/mountains/index.html.erb:9: syntax error, unexpected ensure, expecting ')'
          ensure
          ^~~~~~
/Users/harshmpandya/Projects/sei31-homework/purvi_pandya/week5/geography/app/views/mountains/index.html.erb:11: syntax error, unexpected end, expecting ')'
          end
          ^~~):
  
app/views/mountains/index.html.erb:5: syntax error, unexpected ')', expecting '.' or &. or :: or '['
app/views/mountains/index.html.erb:7: syntax error, unexpected end, expecting ')'
app/views/mountains/index.html.erb:9: syntax error, unexpected ensure, expecting ')'
app/views/mountains/index.html.erb:11: syntax error, unexpected end, expecting ')'
app/controllers/mountains_controller.rb:4:in `index'
Started GET "/" for ::1 at 2019-04-17 06:14:42 +1000
Processing by MountainsController#index as HTML
  Rendering mountains/index.html.erb within layouts/application
  Rendered mountains/index.html.erb within layouts/application (3.4ms)
Completed 500 Internal Server Error in 19ms (ActiveRecord: 0.0ms)


  
SyntaxError (/Users/harshmpandya/Projects/sei31-homework/purvi_pandya/week5/geography/app/views/mountains/index.html.erb:5: syntax error, unexpected ')', expecting '.' or &. or :: or '['
...mountain.location, 'location' );@output_buffer.safe_append='
...                              ^
/Users/harshmpandya/Projects/sei31-homework/purvi_pandya/week5/geography/app/views/mountains/index.html.erb:7: syntax error, unexpected end, expecting ')'
'.freeze; end 
          ^~~
/Users/harshmpandya/Projects/sei31-homework/purvi_pandya/week5/geography/app/views/mountains/index.html.erb:9: syntax error, unexpected ensure, expecting ')'
          ensure
          ^~~~~~
/Users/harshmpandya/Projects/sei31-homework/purvi_pandya/week5/geography/app/views/mountains/index.html.erb:11: syntax error, unexpected end, expecting ')'
          end
          ^~~):
  
app/views/mountains/index.html.erb:5: syntax error, unexpected ')', expecting '.' or &. or :: or '['
app/views/mountains/index.html.erb:7: syntax error, unexpected end, expecting ')'
app/views/mountains/index.html.erb:9: syntax error, unexpected ensure, expecting ')'
app/views/mountains/index.html.erb:11: syntax error, unexpected end, expecting ')'
app/controllers/mountains_controller.rb:4:in `index'
Started GET "/" for ::1 at 2019-04-17 06:15:02 +1000
Processing by MountainsController#index as HTML
  Rendering mountains/index.html.erb within layouts/application
  Rendered mountains/index.html.erb within layouts/application (0.8ms)
Completed 500 Internal Server Error in 5ms (ActiveRecord: 0.0ms)


  
SyntaxError (/Users/harshmpandya/Projects/sei31-homework/purvi_pandya/week5/geography/app/views/mountains/index.html.erb:5: syntax error, unexpected ')', expecting '.' or &. or :: or '['
...mountain.location, 'location' );@output_buffer.safe_append='
...                              ^
/Users/harshmpandya/Projects/sei31-homework/purvi_pandya/week5/geography/app/views/mountains/index.html.erb:7: syntax error, unexpected end, expecting ')'
'.freeze; end 
          ^~~
/Users/harshmpandya/Projects/sei31-homework/purvi_pandya/week5/geography/app/views/mountains/index.html.erb:9: syntax error, unexpected ensure, expecting ')'
          ensure
          ^~~~~~
/Users/harshmpandya/Projects/sei31-homework/purvi_pandya/week5/geography/app/views/mountains/index.html.erb:11: syntax error, unexpected end, expecting ')'
          end
          ^~~):
  
app/views/mountains/index.html.erb:5: syntax error, unexpected ')', expecting '.' or &. or :: or '['
app/views/mountains/index.html.erb:7: syntax error, unexpected end, expecting ')'
app/views/mountains/index.html.erb:9: syntax error, unexpected ensure, expecting ')'
app/views/mountains/index.html.erb:11: syntax error, unexpected end, expecting ')'
app/controllers/mountains_controller.rb:4:in `index'
Started GET "/" for ::1 at 2019-04-17 06:18:04 +1000
Processing by MountainsController#index as HTML
  Rendering mountains/index.html.erb within layouts/application
  Rendered mountains/index.html.erb within layouts/application (2.4ms)
Completed 200 OK in 836ms (Views: 815.4ms | ActiveRecord: 0.0ms)


Started GET "/" for ::1 at 2019-04-17 06:18:50 +1000
Processing by MountainsController#index as HTML
  Rendering mountains/index.html.erb within layouts/application
  Rendered mountains/index.html.erb within layouts/application (3.4ms)
Completed 500 Internal Server Error in 19ms (ActiveRecord: 0.0ms)


  
SyntaxError (/Users/harshmpandya/Projects/sei31-homework/purvi_pandya/week5/geography/app/views/mountains/index.html.erb:4: syntax error, unexpected ')', expecting '.' or &. or :: or '['
...mountain.location, 'location' );@output_buffer.safe_append='
...                              ^
/Users/harshmpandya/Projects/sei31-homework/purvi_pandya/week5/geography/app/views/mountains/index.html.erb:6: syntax error, unexpected end, expecting ')'
'.freeze; end 
          ^~~
/Users/harshmpandya/Projects/sei31-homework/purvi_pandya/week5/geography/app/views/mountains/index.html.erb:8: syntax error, unexpected ensure, expecting ')'
          ensure
          ^~~~~~
/Users/harshmpandya/Projects/sei31-homework/purvi_pandya/week5/geography/app/views/mountains/index.html.erb:10: syntax error, unexpected end, expecting ')'
          end
          ^~~):
  
app/views/mountains/index.html.erb:4: syntax error, unexpected ')', expecting '.' or &. or :: or '['
app/views/mountains/index.html.erb:6: syntax error, unexpected end, expecting ')'
app/views/mountains/index.html.erb:8: syntax error, unexpected ensure, expecting ')'
app/views/mountains/index.html.erb:10: syntax error, unexpected end, expecting ')'
app/controllers/mountains_controller.rb:4:in `index'
Started GET "/" for ::1 at 2019-04-17 08:21:20 +1000
Processing by MountainsController#index as HTML
  Rendering mountains/index.html.erb within layouts/application
  Rendered mountains/index.html.erb within layouts/application (1.4ms)
Completed 500 Internal Server Error in 61ms (ActiveRecord: 0.0ms)


  
SyntaxError (/Users/harshmpandya/Projects/sei31-homework/purvi_pandya/week5/geography/app/views/mountains/index.html.erb:4: syntax error, unexpected ')', expecting '.' or &. or :: or '['
...mountain.location, 'location' );@output_buffer.safe_append='
...                              ^
/Users/harshmpandya/Projects/sei31-homework/purvi_pandya/week5/geography/app/views/mountains/index.html.erb:6: syntax error, unexpected end, expecting ')'
'.freeze; end 
          ^~~
/Users/harshmpandya/Projects/sei31-homework/purvi_pandya/week5/geography/app/views/mountains/index.html.erb:8: syntax error, unexpected ensure, expecting ')'
          ensure
          ^~~~~~
/Users/harshmpandya/Projects/sei31-homework/purvi_pandya/week5/geography/app/views/mountains/index.html.erb:10: syntax error, unexpected end, expecting ')'
          end
          ^~~):
  
app/views/mountains/index.html.erb:4: syntax error, unexpected ')', expecting '.' or &. or :: or '['
app/views/mountains/index.html.erb:6: syntax error, unexpected end, expecting ')'
app/views/mountains/index.html.erb:8: syntax error, unexpected ensure, expecting ')'
app/views/mountains/index.html.erb:10: syntax error, unexpected end, expecting ')'
app/controllers/mountains_controller.rb:4:in `index'
Started PUT "/__web_console/repl_sessions/f9b53f48180531c1df020889ed235e13" for ::1 at 2019-04-17 08:21:32 +1000
Started PUT "/__web_console/repl_sessions/f9b53f48180531c1df020889ed235e13" for ::1 at 2019-04-17 08:21:35 +1000
Started PUT "/__web_console/repl_sessions/f9b53f48180531c1df020889ed235e13" for ::1 at 2019-04-17 08:22:06 +1000
Started PUT "/__web_console/repl_sessions/f9b53f48180531c1df020889ed235e13" for ::1 at 2019-04-17 08:22:09 +1000
  [1m[36mMountain Load (18.1ms)[0m  [1m[34mSELECT  "mountains".* FROM "mountains" LIMIT ?[0m  [["LIMIT", 11]]
  ↳ /Users/harshmpandya/.rvm/rubies/ruby-2.6.2/lib/ruby/gems/2.6.0/gems/did_you_mean-1.3.0/lib/did_you_mean/core_ext/name_error.rb:8
  [1m[36mCACHE Mountain Load (0.0ms)[0m  [1m[34mSELECT  "mountains".* FROM "mountains" LIMIT ?[0m  [["LIMIT", 11]]
  ↳ /Users/harshmpandya/.rvm/rubies/ruby-2.6.2/lib/ruby/gems/2.6.0/gems/did_you_mean-1.3.0/lib/did_you_mean/core_ext/name_error.rb:4
Started GET "/" for ::1 at 2019-04-17 08:22:59 +1000
Processing by MountainsController#index as HTML
  Rendering mountains/index.html.erb within layouts/application
  Rendered mountains/index.html.erb within layouts/application (5.3ms)
Completed 500 Internal Server Error in 17ms (ActiveRecord: 0.0ms)


  
SyntaxError (/Users/harshmpandya/Projects/sei31-homework/purvi_pandya/week5/geography/app/views/mountains/index.html.erb:4: syntax error, unexpected ')', expecting '.' or &. or :: or '['
...mountain.location, 'location' );@output_buffer.safe_append='
...                              ^
/Users/harshmpandya/Projects/sei31-homework/purvi_pandya/week5/geography/app/views/mountains/index.html.erb:6: syntax error, unexpected end, expecting ')'
'.freeze; end 
          ^~~
/Users/harshmpandya/Projects/sei31-homework/purvi_pandya/week5/geography/app/views/mountains/index.html.erb:8: syntax error, unexpected ensure, expecting ')'
          ensure
          ^~~~~~
/Users/harshmpandya/Projects/sei31-homework/purvi_pandya/week5/geography/app/views/mountains/index.html.erb:10: syntax error, unexpected end, expecting ')'
          end
          ^~~):
  
app/views/mountains/index.html.erb:4: syntax error, unexpected ')', expecting '.' or &. or :: or '['
app/views/mountains/index.html.erb:6: syntax error, unexpected end, expecting ')'
app/views/mountains/index.html.erb:8: syntax error, unexpected ensure, expecting ')'
app/views/mountains/index.html.erb:10: syntax error, unexpected end, expecting ')'
app/controllers/mountains_controller.rb:4:in `index'
Started GET "/" for ::1 at 2019-04-17 08:23:33 +1000
Processing by MountainsController#index as HTML
  Rendering mountains/index.html.erb within layouts/application
  Rendered mountains/index.html.erb within layouts/application (5.3ms)
Completed 500 Internal Server Error in 23ms (ActiveRecord: 0.0ms)


  
SyntaxError (/Users/harshmpandya/Projects/sei31-homework/purvi_pandya/week5/geography/app/views/mountains/index.html.erb:4: syntax error, unexpected ')', expecting '.' or &. or :: or '['
...mountain.location, 'location' );@output_buffer.safe_append='
...                              ^
/Users/harshmpandya/Projects/sei31-homework/purvi_pandya/week5/geography/app/views/mountains/index.html.erb:6: syntax error, unexpected end, expecting ')'
'.freeze; end 
          ^~~
/Users/harshmpandya/Projects/sei31-homework/purvi_pandya/week5/geography/app/views/mountains/index.html.erb:8: syntax error, unexpected ensure, expecting ')'
          ensure
          ^~~~~~
/Users/harshmpandya/Projects/sei31-homework/purvi_pandya/week5/geography/app/views/mountains/index.html.erb:10: syntax error, unexpected end, expecting ')'
          end
          ^~~):
  
app/views/mountains/index.html.erb:4: syntax error, unexpected ')', expecting '.' or &. or :: or '['
app/views/mountains/index.html.erb:6: syntax error, unexpected end, expecting ')'
app/views/mountains/index.html.erb:8: syntax error, unexpected ensure, expecting ')'
app/views/mountains/index.html.erb:10: syntax error, unexpected end, expecting ')'
app/controllers/mountains_controller.rb:4:in `index'
Started GET "/rails/info/routes" for ::1 at 2019-04-17 08:23:36 +1000
Processing by Rails::InfoController#routes as HTML
  Rendering /Users/harshmpandya/.rvm/gems/ruby-2.6.2/gems/railties-5.2.3/lib/rails/templates/rails/info/routes.html.erb within layouts/application
  Rendered collection of /Users/harshmpandya/.rvm/gems/ruby-2.6.2/gems/actionpack-5.2.3/lib/action_dispatch/middleware/templates/routes/_route.html.erb [13 times] (28.1ms)
  Rendered /Users/harshmpandya/.rvm/gems/ruby-2.6.2/gems/actionpack-5.2.3/lib/action_dispatch/middleware/templates/routes/_table.html.erb (31.0ms)
  Rendered /Users/harshmpandya/.rvm/gems/ruby-2.6.2/gems/railties-5.2.3/lib/rails/templates/rails/info/routes.html.erb within layouts/application (64.2ms)
Completed 200 OK in 72ms (Views: 68.5ms | ActiveRecord: 0.0ms)


Started GET "/" for ::1 at 2019-04-17 08:27:08 +1000
Processing by MountainsController#index as HTML
  Rendering mountains/index.html.erb within layouts/application
  Rendered mountains/index.html.erb within layouts/application (2.9ms)
Completed 500 Internal Server Error in 30ms (ActiveRecord: 0.0ms)


  
SyntaxError (/Users/harshmpandya/Projects/sei31-homework/purvi_pandya/week5/geography/app/views/mountains/index.html.erb:4: syntax error, unexpected ')', expecting '.' or &. or :: or '['
...mountain.location, 'location' );@output_buffer.safe_append='
...                              ^
/Users/harshmpandya/Projects/sei31-homework/purvi_pandya/week5/geography/app/views/mountains/index.html.erb:6: syntax error, unexpected end, expecting ')'
'.freeze; end 
          ^~~
/Users/harshmpandya/Projects/sei31-homework/purvi_pandya/week5/geography/app/views/mountains/index.html.erb:8: syntax error, unexpected ensure, expecting ')'
          ensure
          ^~~~~~
/Users/harshmpandya/Projects/sei31-homework/purvi_pandya/week5/geography/app/views/mountains/index.html.erb:10: syntax error, unexpected end, expecting ')'
          end
          ^~~):
  
app/views/mountains/index.html.erb:4: syntax error, unexpected ')', expecting '.' or &. or :: or '['
app/views/mountains/index.html.erb:6: syntax error, unexpected end, expecting ')'
app/views/mountains/index.html.erb:8: syntax error, unexpected ensure, expecting ')'
app/views/mountains/index.html.erb:10: syntax error, unexpected end, expecting ')'
app/controllers/mountains_controller.rb:4:in `index'
Started GET "/" for ::1 at 2019-04-17 08:51:49 +1000
Processing by MountainsController#index as HTML
  Rendering mountains/index.html.erb within layouts/application
  Rendered mountains/index.html.erb within layouts/application (14.1ms)
Completed 500 Internal Server Error in 38ms (ActiveRecord: 0.0ms)


  
SyntaxError (/Users/harshmpandya/Projects/sei31-homework/purvi_pandya/week5/geography/app/views/mountains/index.html.erb:4: syntax error, unexpected ')', expecting '.' or &. or :: or '['
...mountain.location, 'location' );@output_buffer.safe_append='
...                              ^
/Users/harshmpandya/Projects/sei31-homework/purvi_pandya/week5/geography/app/views/mountains/index.html.erb:6: syntax error, unexpected end, expecting ')'
'.freeze; end 
          ^~~
/Users/harshmpandya/Projects/sei31-homework/purvi_pandya/week5/geography/app/views/mountains/index.html.erb:8: syntax error, unexpected ensure, expecting ')'
          ensure
          ^~~~~~
/Users/harshmpandya/Projects/sei31-homework/purvi_pandya/week5/geography/app/views/mountains/index.html.erb:10: syntax error, unexpected end, expecting ')'
          end
          ^~~):
  
app/views/mountains/index.html.erb:4: syntax error, unexpected ')', expecting '.' or &. or :: or '['
app/views/mountains/index.html.erb:6: syntax error, unexpected end, expecting ')'
app/views/mountains/index.html.erb:8: syntax error, unexpected ensure, expecting ')'
app/views/mountains/index.html.erb:10: syntax error, unexpected end, expecting ')'
app/controllers/mountains_controller.rb:4:in `index'
Started PUT "/__web_console/repl_sessions/ec6543f28adb069b592337a7dee9cee0" for ::1 at 2019-04-17 08:53:14 +1000
Started PUT "/__web_console/repl_sessions/ec6543f28adb069b592337a7dee9cee0" for ::1 at 2019-04-17 08:53:15 +1000
  [1m[36mMountain Load (1.6ms)[0m  [1m[34mSELECT  "mountains".* FROM "mountains" LIMIT ?[0m  [["LIMIT", 11]]
  ↳ /Users/harshmpandya/.rvm/rubies/ruby-2.6.2/lib/ruby/gems/2.6.0/gems/did_you_mean-1.3.0/lib/did_you_mean/core_ext/name_error.rb:8
  [1m[36mCACHE Mountain Load (0.0ms)[0m  [1m[34mSELECT  "mountains".* FROM "mountains" LIMIT ?[0m  [["LIMIT", 11]]
  ↳ /Users/harshmpandya/.rvm/rubies/ruby-2.6.2/lib/ruby/gems/2.6.0/gems/did_you_mean-1.3.0/lib/did_you_mean/core_ext/name_error.rb:4
Started PUT "/__web_console/repl_sessions/ec6543f28adb069b592337a7dee9cee0" for ::1 at 2019-04-17 08:53:16 +1000
Started PUT "/__web_console/repl_sessions/ec6543f28adb069b592337a7dee9cee0" for ::1 at 2019-04-17 08:53:23 +1000
  [1m[36mMountain Load (0.3ms)[0m  [1m[34mSELECT  "mountains".* FROM "mountains" LIMIT ?[0m  [["LIMIT", 11]]
  ↳ /Users/harshmpandya/.rvm/gems/ruby-2.6.2/gems/activerecord-5.2.3/lib/active_record/log_subscriber.rb:98
Started GET "/planets/2" for ::1 at 2019-04-17 08:54:19 +1000
  
ActionController::RoutingError (No route matches [GET] "/planets/2"):
  
actionpack (5.2.3) lib/action_dispatch/middleware/debug_exceptions.rb:65:in `call'
web-console (3.7.0) lib/web_console/middleware.rb:135:in `call_app'
web-console (3.7.0) lib/web_console/middleware.rb:30:in `block in call'
web-console (3.7.0) lib/web_console/middleware.rb:20:in `catch'
web-console (3.7.0) lib/web_console/middleware.rb:20:in `call'
actionpack (5.2.3) lib/action_dispatch/middleware/show_exceptions.rb:33:in `call'
railties (5.2.3) lib/rails/rack/logger.rb:38:in `call_app'
railties (5.2.3) lib/rails/rack/logger.rb:26:in `block in call'
activesupport (5.2.3) lib/active_support/tagged_logging.rb:71:in `block in tagged'
activesupport (5.2.3) lib/active_support/tagged_logging.rb:28:in `tagged'
activesupport (5.2.3) lib/active_support/tagged_logging.rb:71:in `tagged'
railties (5.2.3) lib/rails/rack/logger.rb:26:in `call'
sprockets-rails (3.2.1) lib/sprockets/rails/quiet_assets.rb:13:in `call'
actionpack (5.2.3) lib/action_dispatch/middleware/remote_ip.rb:81:in `call'
actionpack (5.2.3) lib/action_dispatch/middleware/request_id.rb:27:in `call'
rack (2.0.7) lib/rack/method_override.rb:22:in `call'
rack (2.0.7) lib/rack/runtime.rb:22:in `call'
activesupport (5.2.3) lib/active_support/cache/strategy/local_cache_middleware.rb:29:in `call'
actionpack (5.2.3) lib/action_dispatch/middleware/executor.rb:14:in `call'
actionpack (5.2.3) lib/action_dispatch/middleware/static.rb:127:in `call'
rack (2.0.7) lib/rack/sendfile.rb:111:in `call'
railties (5.2.3) lib/rails/engine.rb:524:in `call'
puma (3.12.1) lib/puma/configuration.rb:227:in `call'
puma (3.12.1) lib/puma/server.rb:660:in `handle_request'
puma (3.12.1) lib/puma/server.rb:474:in `process_client'
puma (3.12.1) lib/puma/server.rb:334:in `block in run'
puma (3.12.1) lib/puma/thread_pool.rb:135:in `block in spawn_thread'
Started GET "/mountains/2" for ::1 at 2019-04-17 08:54:45 +1000
Processing by MountainsController#show as HTML
  Parameters: {"id"=>"2"}
  [1m[36mMountain Load (0.9ms)[0m  [1m[34mSELECT  "mountains".* FROM "mountains" WHERE "mountains"."id" = ? LIMIT ?[0m  [["id", 2], ["LIMIT", 1]]
  ↳ app/controllers/mountains_controller.rb:12
Completed 500 Internal Server Error in 321ms (ActiveRecord: 0.9ms)


  
NoMethodError (undefined method `rener' for #<MountainsController:0x00007ff1b39b6660>
Did you mean?  render):
  
app/controllers/mountains_controller.rb:13:in `show'
Started GET "/mountains/2" for ::1 at 2019-04-17 08:55:11 +1000
Processing by MountainsController#show as HTML
  Parameters: {"id"=>"2"}
  [1m[36mMountain Load (1.1ms)[0m  [1m[34mSELECT  "mountains".* FROM "mountains" WHERE "mountains"."id" = ? LIMIT ?[0m  [["id", 2], ["LIMIT", 1]]
  ↳ app/controllers/mountains_controller.rb:12
  Rendering mountains/show.html.erb within layouts/application
  Rendered mountains/show.html.erb within layouts/application (5.6ms)
Completed 500 Internal Server Error in 208ms (ActiveRecord: 16.8ms)


  
SyntaxError (/Users/harshmpandya/Projects/sei31-homework/purvi_pandya/week5/geography/app/views/mountains/show.html.erb:10: syntax error, unexpected tSTRING_BEG, expecting do or '{' or '('
...utput_buffer.append=( link-to 'Delete', mountain_path(@mount...
...                              ^
/Users/harshmpandya/Projects/sei31-homework/purvi_pandya/week5/geography/app/views/mountains/show.html.erb:10: syntax error, unexpected ',', expecting ')'
...ffer.append=( link-to 'Delete', mountain_path(@mountain.id),...
...                              ^
/Users/harshmpandya/Projects/sei31-homework/purvi_pandya/week5/geography/app/views/mountains/show.html.erb:10: syntax error, unexpected ',', expecting ')'
...', mountain_path(@mountain.id), :method => 'delete', :data =...
...                              ^
/Users/harshmpandya/Projects/sei31-homework/purvi_pandya/week5/geography/app/views/mountains/show.html.erb:10: syntax error, unexpected ',', expecting ')'
...ntain.id), :method => 'delete', :data => { :confirm => "Are ...
...                              ^):
  
app/views/mountains/show.html.erb:10: syntax error, unexpected tSTRING_BEG, expecting do or '{' or '('
app/views/mountains/show.html.erb:10: syntax error, unexpected ',', expecting ')'
app/views/mountains/show.html.erb:10: syntax error, unexpected ',', expecting ')'
app/views/mountains/show.html.erb:10: syntax error, unexpected ',', expecting ')'
app/controllers/mountains_controller.rb:13:in `show'
Started GET "/mountains/2" for ::1 at 2019-04-17 08:55:51 +1000
Processing by MountainsController#show as HTML
  Parameters: {"id"=>"2"}
  [1m[36mMountain Load (0.3ms)[0m  [1m[34mSELECT  "mountains".* FROM "mountains" WHERE "mountains"."id" = ? LIMIT ?[0m  [["id", 2], ["LIMIT", 1]]
  ↳ app/controllers/mountains_controller.rb:12
  Rendering mountains/show.html.erb within layouts/application
  Rendered mountains/show.html.erb within layouts/application (4.7ms)
Completed 200 OK in 403ms (Views: 400.7ms | ActiveRecord: 0.3ms)


Started GET "/mountains" for ::1 at 2019-04-17 08:56:06 +1000
Processing by MountainsController#index as HTML
  Rendering mountains/index.html.erb within layouts/application
  Rendered mountains/index.html.erb within layouts/application (0.9ms)
Completed 500 Internal Server Error in 6ms (ActiveRecord: 0.0ms)


  
SyntaxError (/Users/harshmpandya/Projects/sei31-homework/purvi_pandya/week5/geography/app/views/mountains/index.html.erb:4: syntax error, unexpected ')', expecting '.' or &. or :: or '['
...mountain.location, 'location' );@output_buffer.safe_append='
...                              ^
/Users/harshmpandya/Projects/sei31-homework/purvi_pandya/week5/geography/app/views/mountains/index.html.erb:6: syntax error, unexpected end, expecting ')'
'.freeze; end 
          ^~~
/Users/harshmpandya/Projects/sei31-homework/purvi_pandya/week5/geography/app/views/mountains/index.html.erb:8: syntax error, unexpected ensure, expecting ')'
          ensure
          ^~~~~~
/Users/harshmpandya/Projects/sei31-homework/purvi_pandya/week5/geography/app/views/mountains/index.html.erb:10: syntax error, unexpected end, expecting ')'
          end
          ^~~):
  
app/views/mountains/index.html.erb:4: syntax error, unexpected ')', expecting '.' or &. or :: or '['
app/views/mountains/index.html.erb:6: syntax error, unexpected end, expecting ')'
app/views/mountains/index.html.erb:8: syntax error, unexpected ensure, expecting ')'
app/views/mountains/index.html.erb:10: syntax error, unexpected end, expecting ')'
app/controllers/mountains_controller.rb:4:in `index'
Started GET "/mountains" for ::1 at 2019-04-17 08:56:30 +1000
Processing by MountainsController#index as HTML
  Rendering mountains/index.html.erb within layouts/application
  [1m[36mMountain Load (0.6ms)[0m  [1m[34mSELECT "mountains".* FROM "mountains"[0m
  ↳ app/views/mountains/index.html.erb:2
  Rendered mountains/index.html.erb within layouts/application (3.6ms)
Completed 200 OK in 35ms (Views: 33.3ms | ActiveRecord: 0.6ms)


Started GET "/mountains" for ::1 at 2019-04-17 08:57:04 +1000
Processing by MountainsController#index as HTML
  Rendering mountains/index.html.erb within layouts/application
  [1m[36mMountain Load (0.3ms)[0m  [1m[34mSELECT "mountains".* FROM "mountains"[0m
  ↳ app/views/mountains/index.html.erb:2
  Rendered mountains/index.html.erb within layouts/application (3.8ms)
Completed 200 OK in 135ms (Views: 133.7ms | ActiveRecord: 0.3ms)


Started GET "/mountains/new" for ::1 at 2019-04-17 08:58:07 +1000
Processing by MountainsController#new as HTML
  Rendering mountains/new.html.erb within layouts/application
  Rendered mountains/new.html.erb within layouts/application (13.5ms)
Completed 500 Internal Server Error in 21ms (ActiveRecord: 0.0ms)


  
ActionView::Template::Error (No route matches {:action=>"show", :controller=>"mountains"}, missing required keys: [:id]):
    1: <h1>New Mountain</h1>
    2: <form action="<%= mountain_path %>" method="post">
    3:   <label>
    4:     Name:
    5:     <input type="text" name="name" required autofocus>
  
app/views/mountains/new.html.erb:2:in `_app_views_mountains_new_html_erb__2307440693466199041_70338073197480'
app/controllers/mountains_controller.rb:8:in `new'
